2024-06-09 10:59:15,329 INFO  [Log] **************************************************************************************** 
2024-06-09 10:59:15,330 INFO  [Log] **************************************************************************************** 
2024-06-09 10:59:15,330 INFO  [Log] $$$$$$$$$$$$$$$$$$$$$                 My first test case for login       $$$$$$$$$$$$$$$$$$$$$$$$$ 
2024-06-09 10:59:15,330 INFO  [Log] **************************************************************************************** 
2024-06-09 10:59:15,330 INFO  [Log] **************************************************************************************** 
2024-06-09 10:59:15,330 INFO  [Log] userName has been entered 
2024-06-09 10:59:15,382 INFO  [Log] password has been entered 
2024-06-09 10:59:15,382 WARN  [Log] This might not load the page 
2024-06-09 12:03:57,662 INFO  [Log] **************************************************************************************** 
2024-06-09 12:03:57,662 INFO  [Log] **************************************************************************************** 
2024-06-09 12:03:57,663 INFO  [Log] $$$$$$$$$$$$$$$$$$$$$                 My first test case for login       $$$$$$$$$$$$$$$$$$$$$$$$$ 
2024-06-09 12:03:57,663 INFO  [Log] **************************************************************************************** 
2024-06-09 12:03:57,663 INFO  [Log] **************************************************************************************** 
2024-06-09 12:03:57,663 INFO  [Log] userName has been entered 
2024-06-09 12:03:57,713 INFO  [Log] password has been entered 
2024-06-09 12:03:57,714 WARN  [Log] This might not load the page 
2024-06-09 18:58:42,876 INFO  [Log] **************************************************************************************** 
2024-06-09 18:58:42,876 INFO  [Log] **************************************************************************************** 
2024-06-09 18:58:42,876 INFO  [Log] $$$$$$$$$$$$$$$$$$$$$                 My first test case for login       $$$$$$$$$$$$$$$$$$$$$$$$$ 
2024-06-09 18:58:42,876 INFO  [Log] **************************************************************************************** 
2024-06-09 18:58:42,876 INFO  [Log] **************************************************************************************** 
2024-06-09 18:58:42,876 INFO  [Log] userName has been entered 
2024-06-09 18:58:42,923 INFO  [Log] password has been entered 
2024-06-09 18:58:42,923 WARN  [Log] This might not load the page 
2024-06-09 19:00:10,234 INFO  [Log] **************************************************************************************** 
2024-06-09 19:00:10,234 INFO  [Log] **************************************************************************************** 
2024-06-09 19:00:10,234 INFO  [Log] $$$$$$$$$$$$$$$$$$$$$                 My first test case for login       $$$$$$$$$$$$$$$$$$$$$$$$$ 
2024-06-09 19:00:10,234 INFO  [Log] **************************************************************************************** 
2024-06-09 19:00:10,234 INFO  [Log] **************************************************************************************** 
2024-06-09 19:00:10,234 INFO  [Log] userName has been entered 
2024-06-09 19:00:10,278 INFO  [Log] password has been entered 
2024-06-09 19:00:10,278 WARN  [Log] This might not load the page 
2024-06-09 19:06:07,915 INFO  [Log] **************************************************************************************** 
2024-06-09 19:06:07,915 INFO  [Log] **************************************************************************************** 
2024-06-09 19:06:07,915 INFO  [Log] $$$$$$$$$$$$$$$$$$$$$                 My first test case for login       $$$$$$$$$$$$$$$$$$$$$$$$$ 
2024-06-09 19:06:07,915 INFO  [Log] **************************************************************************************** 
2024-06-09 19:06:07,915 INFO  [Log] **************************************************************************************** 
2024-06-09 19:06:07,915 INFO  [Log] userName has been entered 
2024-06-09 19:06:07,959 INFO  [Log] password has been entered 
2024-06-09 19:06:07,959 WARN  [Log] This might not load the page 
2024-06-12 19:31:37,596 INFO  [Log] **************************************************************************************** 
2024-06-12 19:31:37,597 INFO  [Log] **************************************************************************************** 
2024-06-12 19:31:37,597 INFO  [Log] $$$$$$$$$$$$$$$$$$$$$                 My first test case for login       $$$$$$$$$$$$$$$$$$$$$$$$$ 
2024-06-12 19:31:37,597 INFO  [Log] **************************************************************************************** 
2024-06-12 19:31:37,597 INFO  [Log] **************************************************************************************** 
2024-06-12 19:31:37,597 INFO  [Log] userName has been entered 
2024-06-12 19:31:37,654 INFO  [Log] password has been entered 
2024-06-12 19:31:37,654 WARN  [Log] This might not load the page 
